app/build/outputs/logs/manifest-merger-GooglePlay-debug-report.txt
-- Merging decision tree log ---
manifest
ADDED from src\main\AndroidManifest.xml:2:1-444:12
	package
		ADDED from src\main\AndroidManifest.xml:3:5-29
		INJECTED from src\main\AndroidManifest.xml
		INJECTED from src\main\AndroidManifest.xml
	android:versionName
		INJECTED from src\main\AndroidManifest.xml
		INJECTED from src\main\AndroidManifest.xml
	xmlns:android
		ADDED from src\main\AndroidManifest.xml:2:11-69
	android:versionCode
		INJECTED from src\main\AndroidManifest.xml
		INJECTED from src\main\AndroidManifest.xml
application
ADDED from src\main\AndroidManifest.xml:5:5-442:19
MERGED from [com.github.dmytrodanylyk.circular-progress-button:library:1.1.3] AndroidManifest.xml:12:5-20
MERGED from [MissionDemo:intelligentvoice:unspecified] AndroidManifest.xml:11:5-18:19
MERGED from [MissionDemo:imlib:unspecified] AndroidManifest.xml:29:5-42:19
MERGED from [com.github.chrisbanes.photoview:library:1.2.3] AndroidManifest.xml:4:5-81
MERGED from [com.android.support:support-v4:23.1.0] AndroidManifest.xml:22:5-20
MERGED from [com.android.support:support-v4:23.1.0] AndroidManifest.xml:22:5-20
MERGED from [MissionDemo:corelib:unspecified] AndroidManifest.xml:49:5-62:19
MERGED from [com.android.support:appcompat-v7:23.1.0] AndroidManifest.xml:22:5-20
MERGED from [com.android.support:support-v4:23.1.0] AndroidManifest.xml:22:5-20
MERGED from [com.android.support:support-v4:23.1.0] AndroidManifest.xml:22:5-20
MERGED from [com.android.support:cardview-v7:23.0.1] AndroidManifest.xml:22:5-20
MERGED from [com.android.support:design:23.0.1] AndroidManifest.xml:22:5-20
MERGED from [com.android.support:support-v4:23.1.0] AndroidManifest.xml:22:5-20
MERGED from [com.android.support:appcompat-v7:23.1.0] AndroidManifest.xml:22:5-20
MERGED from [com.android.support:support-v4:23.1.0] AndroidManifest.xml:22:5-20
MERGED from [in.srain.cube:ultra-ptr:1.0.10] AndroidManifest.xml:11:5-20
MERGED from [com.github.chrisbanes.photoview:library:1.2.3] AndroidManifest.xml:4:5-81
MERGED from [com.android.support:support-v4:23.1.0] AndroidManifest.xml:22:5-20
MERGED from [com.android.support:design:23.0.1] AndroidManifest.xml:22:5-20
MERGED from [com.android.support:support-v4:23.1.0] AndroidManifest.xml:22:5-20
MERGED from [com.android.support:appcompat-v7:23.1.0] AndroidManifest.xml:22:5-20
MERGED from [com.android.support:support-v4:23.1.0] AndroidManifest.xml:22:5-20
MERGED from [com.android.support:appcompat-v7:23.1.0] AndroidManifest.xml:22:5-20
MERGED from [com.android.support:support-v4:23.1.0] AndroidManifest.xml:22:5-20
MERGED from [com.android.support:cardview-v7:23.0.1] AndroidManifest.xml:22:5-20
MERGED from [MissionDemo:apilib:unspecified] AndroidManifest.xml:11:5-15:19
MERGED from [com.android.support:appcompat-v7:23.1.0] AndroidManifest.xml:22:5-20
MERGED from [com.android.support:support-v4:23.1.0] AndroidManifest.xml:22:5-20
MERGED from [MissionDemo:corelib:unspecified] AndroidManifest.xml:49:5-62:19
MERGED from [com.android.support:appcompat-v7:23.1.0] AndroidManifest.xml:22:5-20
MERGED from [com.android.support:support-v4:23.1.0] AndroidManifest.xml:22:5-20
MERGED from [com.android.support:support-v4:23.1.0] AndroidManifest.xml:22:5-20
MERGED from [com.android.support:cardview-v7:23.0.1] AndroidManifest.xml:22:5-20
MERGED from [com.android.support:design:23.0.1] AndroidManifest.xml:22:5-20
MERGED from [com.android.support:support-v4:23.1.0] AndroidManifest.xml:22:5-20
MERGED from [com.android.support:appcompat-v7:23.1.0] AndroidManifest.xml:22:5-20
MERGED from [com.android.support:support-v4:23.1.0] AndroidManifest.xml:22:5-20
MERGED from [in.srain.cube:ultra-ptr:1.0.10] AndroidManifest.xml:11:5-20
MERGED from [com.github.chrisbanes.photoview:library:1.2.3] AndroidManifest.xml:4:5-81
MERGED from [com.android.support:support-v4:23.1.0] AndroidManifest.xml:22:5-20
MERGED from [com.android.support:design:23.0.1] AndroidManifest.xml:22:5-20
MERGED from [com.android.support:support-v4:23.1.0] AndroidManifest.xml:22:5-20
MERGED from [com.android.support:appcompat-v7:23.1.0] AndroidManifest.xml:22:5-20
MERGED from [com.android.support:support-v4:23.1.0] AndroidManifest.xml:22:5-20
MERGED from [com.android.support:appcompat-v7:23.1.0] AndroidManifest.xml:22:5-20
MERGED from [com.android.support:support-v4:23.1.0] AndroidManifest.xml:22:5-20
MERGED from [com.android.support:cardview-v7:23.0.1] AndroidManifest.xml:22:5-20
MERGED from [MissionDemo:umengsocialsdk:unspecified] AndroidManifest.xml:11:5-27:19
MERGED from [MissionDemo:corelib:unspecified] AndroidManifest.xml:49:5-62:19
MERGED from [com.android.support:appcompat-v7:23.1.0] AndroidManifest.xml:22:5-20
MERGED from [com.android.support:support-v4:23.1.0] AndroidManifest.xml:22:5-20
MERGED from [com.android.support:support-v4:23.1.0] AndroidManifest.xml:22:5-20
MERGED from [com.android.support:cardview-v7:23.0.1] AndroidManifest.xml:22:5-20
MERGED from [com.android.support:design:23.0.1] AndroidManifest.xml:22:5-20
MERGED from [com.android.support:support-v4:23.1.0] AndroidManifest.xml:22:5-20
MERGED from [com.android.support:appcompat-v7:23.1.0] AndroidManifest.xml:22:5-20
MERGED from [com.android.support:support-v4:23.1.0] AndroidManifest.xml:22:5-20
MERGED from [in.srain.cube:ultra-ptr:1.0.10] AndroidManifest.xml:11:5-20
MERGED from [com.github.chrisbanes.photoview:library:1.2.3] AndroidManifest.xml:4:5-81
MERGED from [com.android.support:support-v4:23.1.0] AndroidManifest.xml:22:5-20
MERGED from [com.android.support:design:23.0.1] AndroidManifest.xml:22:5-20
MERGED from [com.android.support:support-v4:23.1.0] AndroidManifest.xml:22:5-20
MERGED from [com.android.support:appcompat-v7:23.1.0] AndroidManifest.xml:22:5-20
MERGED from [com.android.support:support-v4:23.1.0] AndroidManifest.xml:22:5-20
MERGED from [com.android.support:appcompat-v7:23.1.0] AndroidManifest.xml:22:5-20
MERGED from [com.android.support:support-v4:23.1.0] AndroidManifest.xml:22:5-20
MERGED from [com.android.support:cardview-v7:23.0.1] AndroidManifest.xml:22:5-20
	android:label
		ADDED from src\main\AndroidManifest.xml:9:9-41
	android:supportsRtl
		ADDED from [MissionDemo:apilib:unspecified] AndroidManifest.xml:14:9-35
	android:hardwareAccelerated
		ADDED from [com.github.chrisbanes.photoview:library:1.2.3] AndroidManifest.xml:4:45-79
	android:allowBackup
		ADDED from src\main\AndroidManifest.xml:7:9-35
	android:icon
		ADDED from src\main\AndroidManifest.xml:8:9-43
	android:theme
		ADDED from src\main\AndroidManifest.xml:10:9-68
	android:name
		ADDED from src\main\AndroidManifest.xml:6:9-28
service#io.rong.push.PushService
ADDED from src\main\AndroidManifest.xml:14:9-22:19
	android:process
		ADDED from src\main\AndroidManifest.xml:16:13-43
	android:name
		ADDED from src\main\AndroidManifest.xml:15:13-52
intent-filter#android.intent.category.DEFAULT+io.rong.push
ADDED from src\main\AndroidManifest.xml:17:13-21:29
category#android.intent.category.DEFAULT
ADDED from src\main\AndroidManifest.xml:18:17-76
	android:name
		ADDED from src\main\AndroidManifest.xml:18:27-73
action#io.rong.push
ADDED from src\main\AndroidManifest.xml:20:17-55
	android:name
		ADDED from src\main\AndroidManifest.xml:20:25-52
service#io.rong.push.CommandService
ADDED from src\main\AndroidManifest.xml:23:9-31:19
	android:process
		ADDED from src\main\AndroidManifest.xml:25:13-43
	android:name
		ADDED from src\main\AndroidManifest.xml:24:13-55
intent-filter#android.intent.category.DEFAULT+io.rong.command
ADDED from src\main\AndroidManifest.xml:26:13-30:29
action#io.rong.command
ADDED from src\main\AndroidManifest.xml:29:17-58
	android:name
		ADDED from src\main\AndroidManifest.xml:29:25-55
receiver#io.rong.push.PushReceiver
ADDED from src\main\AndroidManifest.xml:33:9-45:20
	android:process
		ADDED from src\main\AndroidManifest.xml:35:13-43
	android:name
		ADDED from src\main\AndroidManifest.xml:34:13-53
intent-filter#io.rong.imlib.action.push.heartbeat
ADDED from src\main\AndroidManifest.xml:36:13-38:29
action#io.rong.imlib.action.push.heartbeat
ADDED from src\main\AndroidManifest.xml:37:17-78
	android:name
		ADDED from src\main\AndroidManifest.xml:37:25-75
intent-filter#android.net.conn.CONNECTIVITY_CHANGE
ADDED from src\main\AndroidManifest.xml:39:13-41:29
action#android.net.conn.CONNECTIVITY_CHANGE
ADDED from src\main\AndroidManifest.xml:40:17-79
	android:name
		ADDED from src\main\AndroidManifest.xml:40:25-76
intent-filter#android.intent.action.BOOT_COMPLETED
ADDED from src\main\AndroidManifest.xml:42:13-44:29
action#android.intent.action.BOOT_COMPLETED
ADDED from src\main\AndroidManifest.xml:43:17-79
	android:name
		ADDED from src\main\AndroidManifest.xml:43:25-76
receiver#io.rong.imlib.HeartbeatReceiver
ADDED from src\main\AndroidManifest.xml:46:9-48:38
	android:process
		ADDED from src\main\AndroidManifest.xml:48:13-35
	android:name
		ADDED from src\main\AndroidManifest.xml:47:13-59
service#io.rong.imlib.ipc.RongService
ADDED from src\main\AndroidManifest.xml:50:9-52:38
	android:process
		ADDED from src\main\AndroidManifest.xml:52:13-35
	android:name
		ADDED from src\main\AndroidManifest.xml:51:13-57
service#io.rong.imlib.ReConnectService
ADDED from src\main\AndroidManifest.xml:53:9-66
	android:name
		ADDED from src\main\AndroidManifest.xml:53:18-63
receiver#io.rong.imlib.ipc.PushMessageReceiver
ADDED from src\main\AndroidManifest.xml:55:9-59:20
	android:name
		ADDED from src\main\AndroidManifest.xml:55:19-71
intent-filter#io.rong.push.message
ADDED from src\main\AndroidManifest.xml:56:13-58:29
action#io.rong.push.message
ADDED from src\main\AndroidManifest.xml:57:17-63
	android:name
		ADDED from src\main\AndroidManifest.xml:57:25-60
receiver#io.rong.imlib.ConnectChangeReceiver
ADDED from src\main\AndroidManifest.xml:60:9-72
	android:name
		ADDED from src\main\AndroidManifest.xml:60:19-69
meta-data#RONG_CLOUD_APP_KEY
ADDED from src\main\AndroidManifest.xml:64:9-66:45
	android:value
		ADDED from src\main\AndroidManifest.xml:66:13-42
	android:name
		ADDED from src\main\AndroidManifest.xml:65:13-46
activity#com.tongban.im.wxapi.WXEntryActivity
ADDED from src\main\AndroidManifest.xml:71:9-76:75
	android:screenOrientation
		ADDED from src\main\AndroidManifest.xml:75:13-49
	android:exported
		ADDED from src\main\AndroidManifest.xml:74:13-36
	android:configChanges
		ADDED from src\main\AndroidManifest.xml:73:13-74
	android:theme
		ADDED from src\main\AndroidManifest.xml:76:13-72
	android:name
		ADDED from src\main\AndroidManifest.xml:72:13-50
activity#com.tongban.im.activity.MainActivity
ADDED from src\main\AndroidManifest.xml:85:9-99:20
	android:launchMode
		ADDED from src\main\AndroidManifest.xml:87:13-44
	android:theme
		ADDED from src\main\AndroidManifest.xml:88:13-60
	android:name
		ADDED from src\main\AndroidManifest.xml:86:13-50
intent-filter#android.intent.action.VIEW+android.intent.category.DEFAULT
ADDED from src\main\AndroidManifest.xml:89:13-98:29
action#android.intent.action.VIEW
ADDED from src\main\AndroidManifest.xml:90:17-69
	android:name
		ADDED from src\main\AndroidManifest.xml:90:25-66
data
ADDED from src\main\AndroidManifest.xml:94:17-97:45
	android:host
		ADDED from src\main\AndroidManifest.xml:95:21-50
	android:scheme
		ADDED from src\main\AndroidManifest.xml:97:21-42
	android:pathPrefix
		ADDED from src\main\AndroidManifest.xml:96:21-59
activity#com.tongban.im.activity.LoadingActivity
ADDED from src\main\AndroidManifest.xml:101:9-109:20
	android:theme
		ADDED from src\main\AndroidManifest.xml:103:13-60
	android:name
		ADDED from src\main\AndroidManifest.xml:102:13-53
intent-filter#android.intent.action.MAIN+android.intent.category.LAUNCHER
ADDED from src\main\AndroidManifest.xml:104:13-108:29
action#android.intent.action.MAIN
ADDED from src\main\AndroidManifest.xml:105:17-69
	android:name
		ADDED from src\main\AndroidManifest.xml:105:25-66
category#android.intent.category.LAUNCHER
ADDED from src\main\AndroidManifest.xml:107:17-77
	android:name
		ADDED from src\main\AndroidManifest.xml:107:27-74
activity#com.tongban.im.activity.ClipImageBorderViewActivity
ADDED from src\main\AndroidManifest.xml:111:9-74
	android:name
		ADDED from src\main\AndroidManifest.xml:111:19-71
activity#com.tongban.im.activity.PhotoViewPagerActivity
ADDED from src\main\AndroidManifest.xml:113:9-115:53
	android:label
		ADDED from src\main\AndroidManifest.xml:115:13-50
	android:name
		ADDED from src\main\AndroidManifest.xml:114:13-60
activity#com.tongban.im.activity.SettingActivity
ADDED from src\main\AndroidManifest.xml:117:9-62
	android:name
		ADDED from src\main\AndroidManifest.xml:117:19-59
activity#com.tongban.im.activity.AboutActivity
ADDED from src\main\AndroidManifest.xml:119:9-60
	android:name
		ADDED from src\main\AndroidManifest.xml:119:19-57
activity#com.tongban.im.activity.PhotoAlbumActivity
ADDED from src\main\AndroidManifest.xml:120:9-65
	android:name
		ADDED from src\main\AndroidManifest.xml:120:19-62
activity#com.tongban.im.activity.account.LoginActivity
ADDED from src\main\AndroidManifest.xml:126:9-141:20
	android:label
		ADDED from src\main\AndroidManifest.xml:128:13-42
	android:windowSoftInputMode
		ADDED from src\main\AndroidManifest.xml:130:13-64
	android:theme
		ADDED from src\main\AndroidManifest.xml:129:13-60
	android:name
		ADDED from src\main\AndroidManifest.xml:127:13-59
activity#com.tongban.im.activity.account.RegisterActivity
ADDED from src\main\AndroidManifest.xml:143:9-157:20
	android:label
		ADDED from src\main\AndroidManifest.xml:145:13-45
	android:windowSoftInputMode
		ADDED from src\main\AndroidManifest.xml:146:13-67
	android:name
		ADDED from src\main\AndroidManifest.xml:144:13-62
activity#com.tongban.im.activity.account.OtherRegisterActivity
ADDED from src\main\AndroidManifest.xml:159:9-173:20
	android:label
		ADDED from src\main\AndroidManifest.xml:161:13-45
	android:windowSoftInputMode
		ADDED from src\main\AndroidManifest.xml:162:13-67
	android:name
		ADDED from src\main\AndroidManifest.xml:160:13-67
activity#com.tongban.im.activity.account.FindPwdActivity
ADDED from src\main\AndroidManifest.xml:175:9-177:70
	android:windowSoftInputMode
		ADDED from src\main\AndroidManifest.xml:177:13-67
	android:name
		ADDED from src\main\AndroidManifest.xml:176:13-61
activity#com.tongban.im.activity.user.MyInfoActivity
ADDED from src\main\AndroidManifest.xml:183:9-194:20
	android:name
		ADDED from src\main\AndroidManifest.xml:183:19-63
activity#com.tongban.im.activity.user.MyRelationshipActivity
ADDED from src\main\AndroidManifest.xml:196:9-207:20
	android:name
		ADDED from src\main\AndroidManifest.xml:196:19-71
activity#com.tongban.im.activity.user.MyCollectActivity
ADDED from src\main\AndroidManifest.xml:209:9-69
	android:name
		ADDED from src\main\AndroidManifest.xml:209:19-66
activity#com.tongban.im.activity.user.MyTopicActivity
ADDED from src\main\AndroidManifest.xml:211:9-213:70
	android:windowSoftInputMode
		ADDED from src\main\AndroidManifest.xml:213:13-67
	android:name
		ADDED from src\main\AndroidManifest.xml:212:13-58
activity#com.tongban.im.activity.user.MyGroupActivity
ADDED from src\main\AndroidManifest.xml:215:9-226:20
	android:name
		ADDED from src\main\AndroidManifest.xml:215:19-64
activity#com.tongban.im.activity.base.UserBaseActivity
ADDED from src\main\AndroidManifest.xml:229:9-240:20
	android:name
		ADDED from src\main\AndroidManifest.xml:229:19-65
activity#com.tongban.im.activity.user.ChildInfoActivity
ADDED from src\main\AndroidManifest.xml:242:9-244:70
	android:windowSoftInputMode
		ADDED from src\main\AndroidManifest.xml:244:13-67
	android:name
		ADDED from src\main\AndroidManifest.xml:243:13-60
activity#com.tongban.im.activity.user.UpdatePersonalInfoActivity
ADDED from src\main\AndroidManifest.xml:246:9-78
	android:name
		ADDED from src\main\AndroidManifest.xml:246:19-75
activity#com.tongban.im.activity.group.ChatActivity
ADDED from src\main\AndroidManifest.xml:252:9-265:20
	android:windowSoftInputMode
		ADDED from src\main\AndroidManifest.xml:254:13-67
	android:name
		ADDED from src\main\AndroidManifest.xml:253:13-56
activity#com.tongban.im.activity.group.GroupInfoActivity
ADDED from src\main\AndroidManifest.xml:267:9-280:20
	android:label
		ADDED from src\main\AndroidManifest.xml:269:13-51
	android:name
		ADDED from src\main\AndroidManifest.xml:268:13-61
activity#com.tongban.im.activity.group.CreateGroupActivity
ADDED from src\main\AndroidManifest.xml:282:9-284:70
	android:windowSoftInputMode
		ADDED from src\main\AndroidManifest.xml:284:13-67
	android:name
		ADDED from src\main\AndroidManifest.xml:283:13-63
activity#com.tongban.im.activity.group.SearchGroupActivity
ADDED from src\main\AndroidManifest.xml:285:9-299:20
	android:label
		ADDED from src\main\AndroidManifest.xml:287:13-49
	android:theme
		ADDED from src\main\AndroidManifest.xml:288:13-77
	android:name
		ADDED from src\main\AndroidManifest.xml:286:13-63
activity#com.tongban.im.activity.group.ChooseGroupTypeActivity
ADDED from src\main\AndroidManifest.xml:301:9-303:57
	android:label
		ADDED from src\main\AndroidManifest.xml:303:13-54
	android:name
		ADDED from src\main\AndroidManifest.xml:302:13-67
activity#com.tongban.im.activity.group.GroupTipsListActivity
ADDED from src\main\AndroidManifest.xml:305:9-307:51
	android:label
		ADDED from src\main\AndroidManifest.xml:307:13-48
	android:name
		ADDED from src\main\AndroidManifest.xml:306:13-65
activity#com.tongban.im.activity.group.SearchPoiActivity
ADDED from src\main\AndroidManifest.xml:309:9-311:55
	android:label
		ADDED from src\main\AndroidManifest.xml:311:13-52
	android:name
		ADDED from src\main\AndroidManifest.xml:310:13-61
activity#com.tongban.im.activity.topic.TopicDetailsActivity
ADDED from src\main\AndroidManifest.xml:315:9-329:20
	android:label
		ADDED from src\main\AndroidManifest.xml:317:13-42
	android:windowSoftInputMode
		ADDED from src\main\AndroidManifest.xml:318:13-67
	android:name
		ADDED from src\main\AndroidManifest.xml:316:13-64
activity#com.tongban.im.activity.topic.CreateTopicActivity
ADDED from src\main\AndroidManifest.xml:331:9-334:67
	android:label
		ADDED from src\main\AndroidManifest.xml:333:13-49
	android:windowSoftInputMode
		ADDED from src\main\AndroidManifest.xml:334:13-64
	android:name
		ADDED from src\main\AndroidManifest.xml:332:13-63
activity#com.tongban.im.activity.topic.OfficialTopicDetailsActivity
ADDED from src\main\AndroidManifest.xml:336:9-349:20
	android:windowSoftInputMode
		ADDED from src\main\AndroidManifest.xml:338:13-67
	android:name
		ADDED from src\main\AndroidManifest.xml:337:13-72
activity#com.tongban.im.activity.topic.SearchTopicActivity
ADDED from src\main\AndroidManifest.xml:351:9-364:20
	android:label
		ADDED from src\main\AndroidManifest.xml:353:13-49
	android:name
		ADDED from src\main\AndroidManifest.xml:352:13-63
activity#com.tongban.im.activity.discover.SearchDiscoverActivity
ADDED from src\main\AndroidManifest.xml:368:9-370:67
	android:windowSoftInputMode
		ADDED from src\main\AndroidManifest.xml:370:13-64
	android:name
		ADDED from src\main\AndroidManifest.xml:369:13-69
activity#com.tongban.im.activity.discover.SearchResultActivity
ADDED from src\main\AndroidManifest.xml:372:9-386:20
	android:label
		ADDED from src\main\AndroidManifest.xml:374:13-43
	android:windowSoftInputMode
		ADDED from src\main\AndroidManifest.xml:375:13-64
	android:name
		ADDED from src\main\AndroidManifest.xml:373:13-67
activity#com.tongban.im.activity.discover.ThemeActivity
ADDED from src\main\AndroidManifest.xml:388:9-399:20
	android:name
		ADDED from src\main\AndroidManifest.xml:388:19-66
activity#com.tongban.im.activity.discover.ProductBookActivity
ADDED from src\main\AndroidManifest.xml:401:9-412:20
	android:name
		ADDED from src\main\AndroidManifest.xml:401:19-72
activity#com.tongban.im.activity.SecondDetailsActivity
ADDED from src\main\AndroidManifest.xml:416:9-427:20
	android:name
		ADDED from src\main\AndroidManifest.xml:416:19-65
activity#com.tongban.im.activity.user.MyMissionActivity
ADDED from src\main\AndroidManifest.xml:430:9-69
	android:name
		ADDED from src\main\AndroidManifest.xml:430:19-66
activity#com.tongban.im.activity.mission.MissionDetailsActivity
ADDED from src\main\AndroidManifest.xml:431:9-440:20
	android:name
		ADDED from src\main\AndroidManifest.xml:431:19-74
uses-sdk
INJECTED from src\main\AndroidManifest.xml reason: use-sdk injection requested
MERGED from [com.android.support:multidex:1.0.1] AndroidManifest.xml:18:5-42
MERGED from [com.github.dmytrodanylyk.circular-progress-button:library:1.1.3] AndroidManifest.xml:8:5-10:41
MERGED from [MissionDemo:intelligentvoice:unspecified] AndroidManifest.xml:7:5-9:41
MERGED from [MissionDemo:imlib:unspecified] AndroidManifest.xml:7:5-9:41
MERGED from [de.keyboardsurfer.android.widget:crouton:1.8.4] AndroidManifest.xml:16:5-72
MERGED from [com.github.chrisbanes.photoview:library:1.2.3] AndroidManifest.xml:2:5-72
MERGED from [com.android.support:support-v4:23.1.0] AndroidManifest.xml:20:5-43
MERGED from [com.android.support:support-v4:23.1.0] AndroidManifest.xml:20:5-43
MERGED from [MissionDemo:corelib:unspecified] AndroidManifest.xml:7:5-9:41
MERGED from [com.android.support:appcompat-v7:23.1.0] AndroidManifest.xml:20:5-43
MERGED from [com.android.support:support-v4:23.1.0] AndroidManifest.xml:20:5-43
MERGED from [com.android.support:recyclerview-v7:23.0.1] AndroidManifest.xml:20:5-43
MERGED from [com.android.support:support-v4:23.1.0] AndroidManifest.xml:20:5-43
MERGED from [com.android.support:cardview-v7:23.0.1] AndroidManifest.xml:20:5-43
MERGED from [com.android.support:design:23.0.1] AndroidManifest.xml:20:5-43
MERGED from [com.android.support:support-v4:23.1.0] AndroidManifest.xml:20:5-43
MERGED from [com.android.support:appcompat-v7:23.1.0] AndroidManifest.xml:20:5-43
MERGED from [com.android.support:support-v4:23.1.0] AndroidManifest.xml:20:5-43
MERGED from [in.srain.cube:ultra-ptr:1.0.10] AndroidManifest.xml:7:5-9:41
MERGED from [com.github.chrisbanes.photoview:library:1.2.3] AndroidManifest.xml:2:5-72
MERGED from [com.android.support:support-v4:23.1.0] AndroidManifest.xml:20:5-43
MERGED from [com.android.support:design:23.0.1] AndroidManifest.xml:20:5-43
MERGED from [com.android.support:support-v4:23.1.0] AndroidManifest.xml:20:5-43
MERGED from [com.android.support:appcompat-v7:23.1.0] AndroidManifest.xml:20:5-43
MERGED from [com.android.support:support-v4:23.1.0] AndroidManifest.xml:20:5-43
MERGED from [com.github.rey5137:material:1.2.1] AndroidManifest.xml:7:5-9:41
MERGED from [com.android.support:appcompat-v7:23.1.0] AndroidManifest.xml:20:5-43
MERGED from [com.android.support:support-v4:23.1.0] AndroidManifest.xml:20:5-43
MERGED from [com.android.support:cardview-v7:23.0.1] AndroidManifest.xml:20:5-43
MERGED from [com.squareup.leakcanary:leakcanary-android-no-op:1.3.1] AndroidManifest.xml:20:5-22:41
MERGED from [MissionDemo:apilib:unspecified] AndroidManifest.xml:7:5-9:41
MERGED from [com.android.support:appcompat-v7:23.1.0] AndroidManifest.xml:20:5-43
MERGED from [com.android.support:support-v4:23.1.0] AndroidManifest.xml:20:5-43
MERGED from [MissionDemo:corelib:unspecified] AndroidManifest.xml:7:5-9:41
MERGED from [com.android.support:appcompat-v7:23.1.0] AndroidManifest.xml:20:5-43
MERGED from [com.android.support:support-v4:23.1.0] AndroidManifest.xml:20:5-43
MERGED from [com.android.support:recyclerview-v7:23.0.1] AndroidManifest.xml:20:5-43
MERGED from [com.android.support:support-v4:23.1.0] AndroidManifest.xml:20:5-43
MERGED from [com.android.support:cardview-v7:23.0.1] AndroidManifest.xml:20:5-43
MERGED from [com.android.support:design:23.0.1] AndroidManifest.xml:20:5-43
MERGED from [com.android.support:support-v4:23.1.0] AndroidManifest.xml:20:5-43
MERGED from [com.android.support:appcompat-v7:23.1.0] AndroidManifest.xml:20:5-43
MERGED from [com.android.support:support-v4:23.1.0] AndroidManifest.xml:20:5-43
MERGED from [in.srain.cube:ultra-ptr:1.0.10] AndroidManifest.xml:7:5-9:41
MERGED from [com.github.chrisbanes.photoview:library:1.2.3] AndroidManifest.xml:2:5-72
MERGED from [com.android.support:support-v4:23.1.0] AndroidManifest.xml:20:5-43
MERGED from [com.android.support:design:23.0.1] AndroidManifest.xml:20:5-43
MERGED from [com.android.support:support-v4:23.1.0] AndroidManifest.xml:20:5-43
MERGED from [com.android.support:appcompat-v7:23.1.0] AndroidManifest.xml:20:5-43
MERGED from [com.android.support:support-v4:23.1.0] AndroidManifest.xml:20:5-43
MERGED from [com.github.rey5137:material:1.2.1] AndroidManifest.xml:7:5-9:41
MERGED from [com.android.support:appcompat-v7:23.1.0] AndroidManifest.xml:20:5-43
MERGED from [com.android.support:support-v4:23.1.0] AndroidManifest.xml:20:5-43
MERGED from [com.android.support:cardview-v7:23.0.1] AndroidManifest.xml:20:5-43
MERGED from [com.squareup.leakcanary:leakcanary-android-no-op:1.3.1] AndroidManifest.xml:20:5-22:41
MERGED from [MissionDemo:umengsocialsdk:unspecified] AndroidManifest.xml:7:5-9:41
MERGED from [MissionDemo:corelib:unspecified] AndroidManifest.xml:7:5-9:41
MERGED from [com.android.support:appcompat-v7:23.1.0] AndroidManifest.xml:20:5-43
MERGED from [com.android.support:support-v4:23.1.0] AndroidManifest.xml:20:5-43
MERGED from [com.android.support:recyclerview-v7:23.0.1] AndroidManifest.xml:20:5-43
MERGED from [com.android.support:support-v4:23.1.0] AndroidManifest.xml:20:5-43
MERGED from [com.android.support:cardview-v7:23.0.1] AndroidManifest.xml:20:5-43
MERGED from [com.android.support:design:23.0.1] AndroidManifest.xml:20:5-43
MERGED from [com.android.support:support-v4:23.1.0] AndroidManifest.xml:20:5-43
MERGED from [com.android.support:appcompat-v7:23.1.0] AndroidManifest.xml:20:5-43
MERGED from [com.android.support:support-v4:23.1.0] AndroidManifest.xml:20:5-43
MERGED from [in.srain.cube:ultra-ptr:1.0.10] AndroidManifest.xml:7:5-9:41
MERGED from [com.github.chrisbanes.photoview:library:1.2.3] AndroidManifest.xml:2:5-72
MERGED from [com.android.support:support-v4:23.1.0] AndroidManifest.xml:20:5-43
MERGED from [com.android.support:design:23.0.1] AndroidManifest.xml:20:5-43
MERGED from [com.android.support:support-v4:23.1.0] AndroidManifest.xml:20:5-43
MERGED from [com.android.support:appcompat-v7:23.1.0] AndroidManifest.xml:20:5-43
MERGED from [com.android.support:support-v4:23.1.0] AndroidManifest.xml:20:5-43
MERGED from [com.github.rey5137:material:1.2.1] AndroidManifest.xml:7:5-9:41
MERGED from [com.android.support:appcompat-v7:23.1.0] AndroidManifest.xml:20:5-43
MERGED from [com.android.support:support-v4:23.1.0] AndroidManifest.xml:20:5-43
MERGED from [com.android.support:cardview-v7:23.0.1] AndroidManifest.xml:20:5-43
MERGED from [com.squareup.leakcanary:leakcanary-android-no-op:1.3.1] AndroidManifest.xml:20:5-22:41
	android:targetSdkVersion
		INJECTED from src\main\AndroidManifest.xml
		INJECTED from src\main\AndroidManifest.xml
	android:minSdkVersion
		INJECTED from src\main\AndroidManifest.xml
		INJECTED from src\main\AndroidManifest.xml
activity#com.voice.tongban.activity.IntelligentMainActivity
ADDED from [MissionDemo:intelligentvoice:unspecified] AndroidManifest.xml:14:9-17:59
	android:launchMode
		ADDED from [MissionDemo:intelligentvoice:unspecified] AndroidManifest.xml:16:13-44
	android:theme
		ADDED from [MissionDemo:intelligentvoice:unspecified] AndroidManifest.xml:17:13-56
	android:name
		ADDED from [MissionDemo:intelligentvoice:unspecified] AndroidManifest.xml:15:13-78
uses-permission#android.permission.WRITE_EXTERNAL_STORAGE
ADDED from [MissionDemo:imlib:unspecified] AndroidManifest.xml:11:5-81
MERGED from [MissionDemo:corelib:unspecified] AndroidManifest.xml:24:5-81
MERGED from [MissionDemo:corelib:unspecified] AndroidManifest.xml:24:5-81
MERGED from [MissionDemo:corelib:unspecified] AndroidManifest.xml:24:5-81
	android:name
		ADDED from [MissionDemo:imlib:unspecified] AndroidManifest.xml:11:22-78
uses-permission#android.permission.INTERNET
ADDED from [MissionDemo:imlib:unspecified] AndroidManifest.xml:12:5-67
MERGED from [MissionDemo:corelib:unspecified] AndroidManifest.xml:26:5-67
MERGED from [MissionDemo:corelib:unspecified] AndroidManifest.xml:26:5-67
MERGED from [MissionDemo:corelib:unspecified] AndroidManifest.xml:26:5-67
	android:name
		ADDED from [MissionDemo:imlib:unspecified] AndroidManifest.xml:12:22-64
uses-permission#android.permission.ACCESS_NETWORK_STATE
ADDED from [MissionDemo:imlib:unspecified] AndroidManifest.xml:13:5-79
MERGED from [MissionDemo:corelib:unspecified] AndroidManifest.xml:18:5-79
MERGED from [MissionDemo:corelib:unspecified] AndroidManifest.xml:18:5-79
MERGED from [MissionDemo:corelib:unspecified] AndroidManifest.xml:18:5-79
	android:name
		ADDED from [MissionDemo:imlib:unspecified] AndroidManifest.xml:13:22-76
uses-permission#android.permission.ACCESS_COARSE_LOCATION
ADDED from [MissionDemo:imlib:unspecified] AndroidManifest.xml:14:5-81
MERGED from [MissionDemo:corelib:unspecified] AndroidManifest.xml:12:5-81
MERGED from [MissionDemo:corelib:unspecified] AndroidManifest.xml:12:5-81
MERGED from [MissionDemo:corelib:unspecified] AndroidManifest.xml:12:5-81
	android:name
		ADDED from [MissionDemo:imlib:unspecified] AndroidManifest.xml:14:22-78
uses-permission#android.permission.ACCESS_WIFI_STATE
ADDED from [MissionDemo:imlib:unspecified] AndroidManifest.xml:15:5-76
MERGED from [MissionDemo:corelib:unspecified] AndroidManifest.xml:16:5-76
MERGED from [MissionDemo:corelib:unspecified] AndroidManifest.xml:16:5-76
MERGED from [MissionDemo:corelib:unspecified] AndroidManifest.xml:16:5-76
	android:name
		ADDED from [MissionDemo:imlib:unspecified] AndroidManifest.xml:15:22-73
uses-permission#android.permission.READ_PHONE_STATE
ADDED from [MissionDemo:imlib:unspecified] AndroidManifest.xml:17:5-75
MERGED from [MissionDemo:corelib:unspecified] AndroidManifest.xml:22:5-75
MERGED from [MissionDemo:corelib:unspecified] AndroidManifest.xml:32:5-75
MERGED from [MissionDemo:corelib:unspecified] AndroidManifest.xml:22:5-75
MERGED from [MissionDemo:corelib:unspecified] AndroidManifest.xml:32:5-75
MERGED from [MissionDemo:corelib:unspecified] AndroidManifest.xml:22:5-75
MERGED from [MissionDemo:corelib:unspecified] AndroidManifest.xml:32:5-75